
[2023-11-20 23:31:13,843]: Creating empty file: requirements.txt
[2023-11-20 23:31:13,843]: Creating empty file: README.md
[2023-11-20 23:31:13,843]: Creating directory: service-iot for the file: script.py
[2023-11-20 23:31:13,858]: Creating empty file: service-iot\script.py
[2023-11-20 23:31:13,858]: Creating directory: service-web for the file: app.py
[2023-11-20 23:31:13,858]: Creating empty file: service-web\app.py
[2023-11-20 23:31:13,858]: Creating empty file: out
[2023-11-20 23:31:13,858]: File creation process completed
[2023-11-20 23:31:28,962]: Creating empty file: requirements.txt
[2023-11-20 23:31:28,966]: Creating empty file: README.md
[2023-11-20 23:31:28,966]: Creating directory: service-iot for the file: script.py
[2023-11-20 23:31:28,966]: Creating empty file: service-iot\script.py
[2023-11-20 23:31:28,966]: Creating directory: service-web for the file: app.py
[2023-11-20 23:31:28,976]: Creating empty file: service-web\app.py
[2023-11-20 23:31:28,976]: Creating empty file: out
[2023-11-20 23:31:28,976]: File creation process completed
[2023-11-20 23:31:40,342]: Creating empty file: requirements.txt
[2023-11-20 23:31:40,346]: Creating empty file: README.md
[2023-11-20 23:31:40,349]: Creating directory: service-iot for the file: script.py
[2023-11-20 23:31:40,351]: Creating empty file: service-iot\script.py
[2023-11-20 23:31:40,353]: Creating directory: service-web for the file: app.py
[2023-11-20 23:31:40,356]: Creating empty file: service-web\app.py
[2023-11-20 23:31:48,621]: Creating empty file: requirements.txt
[2023-11-20 23:31:48,634]: Creating empty file: README.md
[2023-11-20 23:31:48,638]: Creating directory: service-iot for the file: script.py
[2023-11-20 23:31:48,647]: Creating empty file: service-iot\script.py
[2023-11-20 23:31:48,650]: Creating directory: service-web for the file: app.py
[2023-11-20 23:31:48,654]: Creating empty file: service-web\app.py
[2023-11-20 23:31:48,661]: Creating directory: out for the file: data.csv
[2023-11-20 23:31:48,682]: Creating empty file: out\data.csv
[2023-11-20 23:31:48,682]: File creation process completed
